<?xml version="1.0" encoding="UTF-8"?>
<!-- Generated by org.testng.reporters.JUnitReportReporter -->
<testsuite hostname="DESKTOP-UNTKRL5" failures="0" tests="1" name="com.testng.TestNG_Test" time="0.022" errors="0" timestamp="2021-07-12T23:08:15 EDT" skipped="0">
  <testcase classname="com.testng.TestNG_Test" name="setUp1" time="0.022"/>
  <system-out/>
</testsuite> <!-- com.testng.TestNG_Test -->
