<?xml version="1.0" encoding="UTF-8"?>
<!-- Generated by org.testng.reporters.JUnitReportReporter -->
<testsuite hostname="DESKTOP-UNTKRL5" failures="0" tests="1" name="com.smoke.TestRun" time="9.968" errors="0" timestamp="2021-07-18T03:54:16 EDT" skipped="0">
  <testcase classname="com.smoke.TestRun" name="getlogin" time="9.968"/>
  <system-out/>
</testsuite> <!-- com.smoke.TestRun -->
