<?xml version="1.0" encoding="UTF-8"?>
<!-- Generated by org.testng.reporters.JUnitReportReporter -->
<testsuite hostname="DESKTOP-UNTKRL5" failures="0" tests="1" name="com.smoke.TestRun" time="10.841" errors="0" timestamp="2021-07-18T04:29:51 EDT" skipped="0">
  <testcase classname="com.smoke.TestRun" name="getlogin" time="10.841"/>
  <system-out/>
</testsuite> <!-- com.smoke.TestRun -->
